<?xml version="1.0" encoding="UTF-8"?>
<?rfc toc="yes"?>
<?rfc symrefs="yes"?>
<?rfc tocindent="no"?>
<?rfc toc="yes"?>
<?rfc symrefs="yes"?>
<?rfc tocindent="no"?>
<?rfc comments="yes"?>
<?rfc inline="yes"?>
<!DOCTYPE rfc SYSTEM "rfc2629.dtd" [
<!ENTITY rfc2119 PUBLIC "" "http://xml.resource.org/public/rfc/bibxml/reference.RFC.2119.xml">
<!ENTITY rfc1113 PUBLIC "" "http://xml.resource.org/public/rfc/bibxml/reference.RFC.1113.xml">
]>
<rfc docName="draft-doe-something-or-other-00" ipr="trust200902" category="info" updates="RFC2119">
  <front>
    <title abbrev="Skeleton I-D">A Skeleton Internet-Draft Written in LyX</title>
    <author initials="J." surname="Doe" fullname="Jane Doe">
      <organization abbrev="Doe">Doe Corp.</organization>
      <address>
        <postal>
          <street>12345 Some St</street>
          <city>Somewhere</city>
          <region>NY</region>
          <code>10001</code>
          <country>USA</country>
        </postal>
        <email>jane@doecorp.example</email>
      </address>
    </author>
    <author initials="J." surname="Sixpack" fullname="Joe Sixpack"/>
    <date month="December" year="2012"/>
    <area>
Security Area
</area>
    <keyword>Internet-Draft</keyword>
    <abstract>
      <t>
This document proposes a classification scheme for HTTPbis authentication proposals, to help with analysis and selection.</t>
      <t>
Two paragrap abstract, eh?</t>
    </abstract>
  </front>
  <middle>
    <section title="Introduction" anchor="d1e253">
      <t>
A paragraph. Text after a vspace (currently doesn't work due to a bug in LyX's XHTML exporter).</t>
      <t>
Another paragraph.</t>
      <t>
        <cref>
An editorial comment.</cref>
      </t>
      <t>
        <cref>
Another comment.</cref>
      </t>
      <t>
</t>
      <t>
        <figure anchor="magicparlabel-122" title="A figure of some sort">
          <artwork>+=======================+
|     A box             |
|                       |
+=======================+</artwork>
        </figure>
      </t>
      <t>
A numbered list:</t>
      <t>
        <list style="numbers">
          <t>
Item 1...has two paragraphs, in a manner similar to xml2rfc (i.e., with vspace).</t>
          <t>
Item 2 doesn't.</t>
        </list>
      </t>
      <t>
Now an unnumbered list:</t>
      <t>
        <list style="symbols">
          <t>
a bullet

<list style="symbols"><t>
with a nested list!</t></list>
</t>
          <t>
another
<vspace blankLines="1"/>
this one has a nested list with no bulleting. will it do?

<vspace blankLines="1"/>
how about another?
</t>
        </list>
      </t>
      <t>
And:</t>
      <t>
        <list style="symbols">
          <t>
something</t>
          <t>
or other</t>
        </list>
      </t>
      <t>
Now a desc list:</t>
      <t>
        <list style="hanging">
          <t hangText="item1">
 description of item 1</t>
          <t hangText="item2">
 description of item 2</t>
        </list>
      </t>
      <section title="Conventions used in this document" anchor="d1e353">
        <t>
The key words "MUST", "MUST NOT", "REQUIRED", "SHALL", "SHALL NOT", "SHOULD", "SHOULD NOT", "RECOMMENDED", "MAY", and "OPTIONAL" in this document are to be interpreted as described in <xref target="RFC2119"/>.</t>
      </section>
    </section>
    <section title="Details" anchor="d1e368">
      <t>
Some text. Here's a protected space, and here's a bunch of them:      , see?</t>
      <section title="A sub-section" anchor="sub_A_sub_section">
        <t>
and</t>
        <section title="A sub-sub-section" anchor="d1e388">
          <t>
cool.</t>
          <t>
Now back to standard paragraphs... And now a table</t>
          <texttable>
            <ttcol align="center">
a</ttcol>
            <ttcol align="center">
b</ttcol>
            <ttcol align="center">
c</ttcol>
            <c>
0</c>
            <c>
stuff</c>
            <c>
what</c>
            <c>
1</c>
            <c>
foo</c>
            <c>
bar</c>
          </texttable>
          <t>
And some text after it. See also section  <xref target="sub_A_sub_section"/>.</t>
        </section>
      </section>
    </section>
  </middle>
  <back>
    <references title="Normative References" anchor="sec_References">&rfc2119;
&rfc1113;
</references>
    <references title="Informative References" anchor="d1e489"/>
    <section title="First Appendix" anchor="d1e495">
      <t>
Appendici.</t>
      <section title="Sub-Appendix" anchor="d1e504">
        <t>
Whatever.</t>
      </section>
    </section>
    <section title="Last Appendix" anchor="d1e513">
      <t>
Last word.</t>
    </section>
  </back>
</rfc>
